Performing system checks...

System check identified no issues (0 silenced).
August 11, 2023 - 13:57:11
Django version 4.2.4, using settings 'camera.settings'
Starting development server at http://0.0.0.0:8000/
Quit the server with CONTROL-C.

Performing system checks...

System check identified no issues (0 silenced).
August 11, 2023 - 14:01:06
Django version 4.2.4, using settings 'camera.settings'
Starting development server at http://0.0.0.0:8000/
Quit the server with CONTROL-C.

/home/ubuntu/captura-fotos-cedulas
/home/ubuntu/captura-fotos-cedulas
/home/ubuntu/captura-fotos-cedulas
/home/ubuntu/captura-fotos-cedulas
/home/ubuntu/captura-fotos-cedulas
/home/ubuntu/captura-fotos-cedulas
/home/ubuntu/captura-fotos-cedulas
/home/ubuntu/captura-fotos-cedulas
